+++ dirname /Users/mrosales/gm-work/rabbitmq-streams/getting-started/bin/../schema-registry-server/run
++ cd /Users/mrosales/gm-work/rabbitmq-streams/getting-started/bin/../schema-registry-server
++ pwd
+ SCRIPT=/Users/mrosales/gm-work/rabbitmq-streams/getting-started/schema-registry-server
+ [[ -z '' ]]
+ [[ -f /Users/mrosales/gm-work/rabbitmq-streams/getting-started/schema-registry-server/target/schema-registry-server.jar ]]
+ java -jar /Users/mrosales/gm-work/rabbitmq-streams/getting-started/schema-registry-server/target/schema-registry-server.jar
Starting SchemaRegistryApplication v0.0.1-SNAPSHOT on MacBook-Pro-de-Marcial.local with PID 58033 (/Users/mrosales/gm-work/rabbitmq-streams/getting-started/schema-registry-server/target/schema-registry-server.jar started by mrosales in /Users/mrosales/gm-work/rabbitmq-streams/getting-started/bin)
No active profile set, falling back to default profiles: default
Bootstrapping Spring Data repositories in DEFAULT mode.
Finished Spring Data repository scanning in 34ms. Found 1 repository interfaces.
Bean 'org.springframework.transaction.annotation.ProxyTransactionManagementConfiguration' of type [org.springframework.transaction.annotation.ProxyTransactionManagementConfiguration$$EnhancerBySpringCGLIB$$7ffca964] is not eligible for getting processed by all BeanPostProcessors (for example: not eligible for auto-proxying)
Tomcat initialized with port(s): 8990 (http)
Initializing ProtocolHandler ["http-nio-8990"]
Starting service [Tomcat]
Starting Servlet engine: [Apache Tomcat/9.0.19]
Initializing Spring embedded WebApplicationContext
Root WebApplicationContext: initialization completed in 925 ms
HikariPool-1 - Starting...
HikariPool-1 - Start completed.
HHH000204: Processing PersistenceUnitInfo [
	name: default
	...]
HHH000412: Hibernate Core {5.3.10.Final}
HHH000206: hibernate.properties not found
HCANN000001: Hibernate Commons Annotations {5.0.4.Final}
HHH000400: Using dialect: org.hibernate.dialect.H2Dialect
HHH000476: Executing import script 'org.hibernate.tool.schema.internal.exec.ScriptSourceInputNonExistentImpl@6c4906d3'
Initialized JPA EntityManagerFactory for persistence unit 'default'
Initializing ExecutorService 'applicationTaskExecutor'
spring.jpa.open-in-view is enabled by default. Therefore, database queries may be performed during view rendering. Explicitly configure spring.jpa.open-in-view to disable this warning
Starting ProtocolHandler ["http-nio-8990"]
Tomcat started on port(s): 8990 (http) with context path ''
Started SchemaRegistryApplication in 23.393 seconds (JVM running for 23.761)
Initializing Spring DispatcherServlet 'dispatcherServlet'
Initializing Servlet 'dispatcherServlet'
Completed initialization in 6 ms
HHH000397: Using ASTQueryTranslatorFactory
HikariPool-1 - Thread starvation or clock leap detected (housekeeper delta=32m27s860ms).
HikariPool-1 - Thread starvation or clock leap detected (housekeeper delta=32m41s289ms).
HikariPool-1 - Thread starvation or clock leap detected (housekeeper delta=1h29m37s294ms).
HikariPool-1 - Thread starvation or clock leap detected (housekeeper delta=8h47m52s88ms).
HikariPool-1 - Thread starvation or clock leap detected (housekeeper delta=5h9m39s416ms).
HikariPool-1 - Thread starvation or clock leap detected (housekeeper delta=52m24s504ms).
HikariPool-1 - Thread starvation or clock leap detected (housekeeper delta=35m22s382ms).
HikariPool-1 - Thread starvation or clock leap detected (housekeeper delta=56m54s163ms).
HikariPool-1 - Thread starvation or clock leap detected (housekeeper delta=1m2s391ms).
HikariPool-1 - Thread starvation or clock leap detected (housekeeper delta=12h47s295ms).
HikariPool-1 - Thread starvation or clock leap detected (housekeeper delta=2h33m18s622ms).
HikariPool-1 - Thread starvation or clock leap detected (housekeeper delta=1h3m5s980ms).
HikariPool-1 - Retrograde clock change detected (housekeeper delta=29s818ms), soft-evicting connections from pool.
